#
# A fatal error has been detected by the Java Runtime Environment:
#
#  EXCEPTION_ACCESS_VIOLATION (0xc0000005) at pc=0x000007fd07134c61, pid=4896, tid=7548
#
# JRE version: 7.0_02-b13
# Java VM: Java HotSpot(TM) 64-Bit Server VM (22.0-b10 mixed mode windows-amd64 compressed oops)
# Problematic frame:
# C  [ntdll.dll+0x4c61]
#
# Failed to write core dump. Minidumps are not enabled by default on client versions of Windows
#
# If you would like to submit a bug report, please visit:
#   http://bugreport.sun.com/bugreport/crash.jsp
#

---------------  T H R E A D  ---------------

Current thread (0x0000000007190800):  JavaThread "AWT-EventQueue-0" [_thread_in_Java, id=7548, stack(0x0000000007eb0000,0x0000000007fb0000)]

siginfo: ExceptionCode=0xc0000005, reading address 0xffffffffffffffff

Registers:
RAX=0x0000000007fa3001, RBX=0x0000000000000000, RCX=0x0000000007fab558, RDX=0x0000000007fab4c0
RSP=0x0000000007fab3f8, RBP=0x000007fcf2970d40, RSI=0x0000000000000023, RDI=0x0000000000000003
R8 =0x000007f64df34000, R9 =0x0000000007fab400, R10=0x0000000000000000, R11=0x0000000007fabb50
R12=0x0000000000000050, R13=0x0000000000000000, R14=0x000007fcf2970d40, R15=0x0000000000000000
RIP=0x000007fd07134c61, EFLAGS=0x0000000000010202

Top of Stack: (sp=0x0000000007fab3f8)
0x0000000007fab3f8:   0000000000000202 000007fd071943c1
0x0000000007fab408:   0000000000000510 0000000000000006
0x0000000007fab418:   00000000731c8c47 0000000000000510
0x0000000007fab428:   0000000000000006 0000000007fab580
0x0000000007fab438:   0000000007190800 0000000000000510
0x0000000007fab448:   00000000733ecad2 000000000ae1aa80
0x0000000007fab458:   0000000000000006 0000000000000000
0x0000000007fab468:   0000000007fa3000 000000000ae3c730
0x0000000007fab478:   0000000000000003 000000000ae1aa80
0x0000000007fab488:   00000000bd6dd860 0000000000000051
0x0000000007fab498:   000000000ae3ca68 0000000007fab601
0x0000000007fab4a8:   0000000000000000 0000000007fab690
0x0000000007fab4b8:   0000000000000023 0000000007fb0000
0x0000000007fab4c8:   000000000ae24400 0000000000000001
0x0000000007fab4d8:   000000000ae24ea0 0000000007fabcf0
0x0000000007fab4e8:   00000000026a743a 000007fcf2970d40 

Instructions: (pc=0x000007fd07134c61)
0x000007fd07134c41:   cc cc cc cc cc 66 66 0f 1f 84 00 00 00 00 00 9c
0x000007fd07134c51:   d9 b9 00 01 00 00 c7 81 02 01 00 00 00 00 00 00
0x000007fd07134c61:   0f 29 b1 00 02 00 00 0f 29 b9 10 02 00 00 44 0f
0x000007fd07134c71:   29 81 20 02 00 00 44 0f 29 89 30 02 00 00 44 0f 


Register to memory mapping:

RAX=0x0000000007fa3001 is pointing into the stack for thread: 0x0000000007190800
RBX=0x0000000000000000 is an unknown value
RCX=0x0000000007fab558 is pointing into the stack for thread: 0x0000000007190800
RDX=0x0000000007fab4c0 is pointing into the stack for thread: 0x0000000007190800
RSP=0x0000000007fab3f8 is pointing into the stack for thread: 0x0000000007190800
RBP=0x000007fcf2970d40 is an unknown value
RSI=0x0000000000000023 is an unknown value
RDI=0x0000000000000003 is an unknown value
R8 =0x000007f64df34000 is an unknown value
R9 =0x0000000007fab400 is pointing into the stack for thread: 0x0000000007190800
R10=0x0000000000000000 is an unknown value
R11=0x0000000007fabb50 is pointing into the stack for thread: 0x0000000007190800
R12=0x0000000000000050 is an unknown value
R13=0x0000000000000000 is an unknown value
R14=0x000007fcf2970d40 is an unknown value
R15=0x0000000000000000 is an unknown value


Stack: [0x0000000007eb0000,0x0000000007fb0000],  sp=0x0000000007fab3f8,  free space=1004k
Native frames: (J=compiled Java code, j=interpreted, Vv=VM code, C=native code)
C  [ntdll.dll+0x4c61]  KiRaiseUserExceptionDispatcher+0x82

Java frames: (J=compiled Java code, j=interpreted, Vv=VM code)
v  blob 0x00000000026a74ff
j  java.lang.String.equals(Ljava/lang/Object;)Z+8
j  javax.swing.ArrayTable.get(Ljava/lang/Object;)Ljava/lang/Object;+44
j  javax.swing.ActionMap.get(Ljava/lang/Object;)Ljavax/swing/Action;+16
j  javax.swing.ActionMap.get(Ljava/lang/Object;)Ljavax/swing/Action;+38
j  javax.swing.text.JTextComponent$KeymapActionMap.get(Ljava/lang/Object;)Ljavax/swing/Action;+2
j  javax.swing.ActionMap.get(Ljava/lang/Object;)Ljavax/swing/Action;+38
j  javax.swing.JComponent.processKeyBinding(Ljavax/swing/KeyStroke;Ljava/awt/event/KeyEvent;IZ)Z+53
j  javax.swing.JComponent.processKeyBindings(Ljava/awt/event/KeyEvent;Z)Z+111
j  javax.swing.JComponent.processKeyEvent(Ljava/awt/event/KeyEvent;)V+51
j  java.awt.Component.processEvent(Ljava/awt/AWTEvent;)V+121
j  java.awt.Container.processEvent(Ljava/awt/AWTEvent;)V+18
j  java.awt.Component.dispatchEventImpl(Ljava/awt/AWTEvent;)V+581
j  java.awt.Container.dispatchEventImpl(Ljava/awt/AWTEvent;)V+42
j  java.awt.Component.dispatchEvent(Ljava/awt/AWTEvent;)V+2
j  java.awt.KeyboardFocusManager.redispatchEvent(Ljava/awt/Component;Ljava/awt/AWTEvent;)V+7
j  java.awt.DefaultKeyboardFocusManager.dispatchKeyEvent(Ljava/awt/event/KeyEvent;)Z+63
j  java.awt.DefaultKeyboardFocusManager.preDispatchKeyEvent(Ljava/awt/event/KeyEvent;)Z+140
j  java.awt.DefaultKeyboardFocusManager.typeAheadAssertions(Ljava/awt/Component;Ljava/awt/AWTEvent;)Z+154
j  java.awt.DefaultKeyboardFocusManager.dispatchEvent(Ljava/awt/AWTEvent;)Z+1548
j  java.awt.Component.dispatchEventImpl(Ljava/awt/AWTEvent;)V+144
j  java.awt.Container.dispatchEventImpl(Ljava/awt/AWTEvent;)V+42
j  java.awt.Window.dispatchEventImpl(Ljava/awt/AWTEvent;)V+19
j  java.awt.Component.dispatchEvent(Ljava/awt/AWTEvent;)V+2
j  java.awt.EventQueue.dispatchEventImpl(Ljava/awt/AWTEvent;Ljava/lang/Object;)V+41
j  java.awt.EventQueue.access$000(Ljava/awt/EventQueue;Ljava/awt/AWTEvent;Ljava/lang/Object;)V+3
j  java.awt.EventQueue$3.run()Ljava/lang/Void;+12
j  java.awt.EventQueue$3.run()Ljava/lang/Object;+1
v  ~StubRoutines::call_stub
j  java.security.AccessController.doPrivileged(Ljava/security/PrivilegedAction;Ljava/security/AccessControlContext;)Ljava/lang/Object;+0
j  java.security.ProtectionDomain$1.doIntersectionPrivilege(Ljava/security/PrivilegedAction;Ljava/security/AccessControlContext;Ljava/security/AccessControlContext;)Ljava/lang/Object;+28
j  java.security.ProtectionDomain$1.doIntersectionPrivilege(Ljava/security/PrivilegedAction;Ljava/security/AccessControlContext;)Ljava/lang/Object;+6
j  java.awt.EventQueue$4.run()Ljava/lang/Void;+11
j  java.awt.EventQueue$4.run()Ljava/lang/Object;+1
v  ~StubRoutines::call_stub
j  java.security.AccessController.doPrivileged(Ljava/security/PrivilegedAction;Ljava/security/AccessControlContext;)Ljava/lang/Object;+0
j  java.security.ProtectionDomain$1.doIntersectionPrivilege(Ljava/security/PrivilegedAction;Ljava/security/AccessControlContext;Ljava/security/AccessControlContext;)Ljava/lang/Object;+28
j  java.awt.EventQueue.dispatchEvent(Ljava/awt/AWTEvent;)V+73
j  java.awt.EventDispatchThread.pumpOneEventForFilters(I)Z+245
j  java.awt.EventDispatchThread.pumpEventsForFilter(ILjava/awt/Conditional;Ljava/awt/EventFilter;)V+35
j  java.awt.EventDispatchThread.pumpEventsForFilter(Ljava/awt/Conditional;Ljava/awt/EventFilter;)V+4
j  java.awt.WaitDispatchSupport$2.run()V+59
j  java.awt.WaitDispatchSupport$4.run()Ljava/lang/Object;+4
v  ~StubRoutines::call_stub
j  java.security.AccessController.doPrivileged(Ljava/security/PrivilegedAction;)Ljava/lang/Object;+0
j  java.awt.WaitDispatchSupport.enter()Z+231
j  java.awt.Dialog.show()V+208
j  java.awt.Component.show(Z)V+5
j  java.awt.Component.setVisible(Z)V+2
j  java.awt.Window.setVisible(Z)V+2
j  java.awt.Dialog.setVisible(Z)V+2
j  library.searchBox$5.run()V+30
j  java.awt.event.InvocationEvent.dispatch()V+47
j  java.awt.EventQueue.dispatchEventImpl(Ljava/awt/AWTEvent;Ljava/lang/Object;)V+21
j  java.awt.EventQueue.access$000(Ljava/awt/EventQueue;Ljava/awt/AWTEvent;Ljava/lang/Object;)V+3
j  java.awt.EventQueue$3.run()Ljava/lang/Void;+12
j  java.awt.EventQueue$3.run()Ljava/lang/Object;+1
v  ~StubRoutines::call_stub
j  java.security.AccessController.doPrivileged(Ljava/security/PrivilegedAction;Ljava/security/AccessControlContext;)Ljava/lang/Object;+0
j  java.security.ProtectionDomain$1.doIntersectionPrivilege(Ljava/security/PrivilegedAction;Ljava/security/AccessControlContext;Ljava/security/AccessControlContext;)Ljava/lang/Object;+28
j  java.awt.EventQueue.dispatchEvent(Ljava/awt/AWTEvent;)V+46
j  java.awt.EventDispatchThread.pumpOneEventForFilters(I)Z+245
j  java.awt.EventDispatchThread.pumpEventsForFilter(ILjava/awt/Conditional;Ljava/awt/EventFilter;)V+35
j  java.awt.EventDispatchThread.pumpEventsForHierarchy(ILjava/awt/Conditional;Ljava/awt/Component;)V+11
j  java.awt.EventDispatchThread.pumpEvents(ILjava/awt/Conditional;)V+4
j  java.awt.EventDispatchThread.pumpEvents(Ljava/awt/Conditional;)V+3
j  java.awt.EventDispatchThread.run()V+9
v  ~StubRoutines::call_stub

---------------  P R O C E S S  ---------------

Java Threads: ( => current thread )
  0x000000000ae0e000 JavaThread "TimerQueue" daemon [_thread_blocked, id=6220, stack(0x000000000d3e0000,0x000000000d4e0000)]
  0x000000000adf5800 JavaThread "D3D Screen Updater" daemon [_thread_blocked, id=2720, stack(0x000000000c000000,0x000000000c100000)]
  0x0000000007191000 JavaThread "DestroyJavaVM" [_thread_blocked, id=3104, stack(0x0000000002120000,0x0000000002220000)]
=>0x0000000007190800 JavaThread "AWT-EventQueue-0" [_thread_in_Java, id=7548, stack(0x0000000007eb0000,0x0000000007fb0000)]
  0x0000000006ffb000 JavaThread "AWT-Windows" daemon [_thread_in_native, id=7056, stack(0x0000000007820000,0x0000000007920000)]
  0x0000000006ff0800 JavaThread "AWT-Shutdown" [_thread_blocked, id=4356, stack(0x0000000007720000,0x0000000007820000)]
  0x0000000006fdf800 JavaThread "Java2D Disposer" daemon [_thread_blocked, id=2752, stack(0x0000000007620000,0x0000000007720000)]
  0x0000000005e5c800 JavaThread "Service Thread" daemon [_thread_blocked, id=3016, stack(0x0000000006c30000,0x0000000006d30000)]
  0x0000000005e4f000 JavaThread "C2 CompilerThread1" daemon [_thread_blocked, id=4236, stack(0x0000000006b30000,0x0000000006c30000)]
  0x0000000005e4b800 JavaThread "C2 CompilerThread0" daemon [_thread_blocked, id=6724, stack(0x0000000006930000,0x0000000006a30000)]
  0x0000000005e46800 JavaThread "Attach Listener" daemon [_thread_blocked, id=7424, stack(0x0000000006830000,0x0000000006930000)]
  0x0000000005e41800 JavaThread "Signal Dispatcher" daemon [_thread_blocked, id=7380, stack(0x0000000006730000,0x0000000006830000)]
  0x0000000005d73800 JavaThread "Finalizer" daemon [_thread_blocked, id=5536, stack(0x0000000006630000,0x0000000006730000)]
  0x0000000005d6a000 JavaThread "Reference Handler" daemon [_thread_blocked, id=7192, stack(0x0000000006530000,0x0000000006630000)]

Other Threads:
  0x0000000005d4f000 VMThread [stack: 0x0000000006430000,0x0000000006530000] [id=8076]
  0x0000000005e78000 WatcherThread [stack: 0x0000000006d30000,0x0000000006e30000] [id=7172]

VM state:not at safepoint (normal execution)

VM Mutex/Monitor currently owned by a thread: None

Heap
 PSYoungGen      total 18496K, used 4469K [0x00000000eb600000, 0x00000000ecaa0000, 0x0000000100000000)
  eden space 15872K, 28% used [0x00000000eb600000,0x00000000eba5d750,0x00000000ec580000)
  from space 2624K, 0% used [0x00000000ec810000,0x00000000ec810000,0x00000000ecaa0000)
  to   space 2624K, 0% used [0x00000000ec580000,0x00000000ec580000,0x00000000ec810000)
 PSOldGen        total 42240K, used 0K [0x00000000c2200000, 0x00000000c4b40000, 0x00000000eb600000)
  object space 42240K, 0% used [0x00000000c2200000,0x00000000c2200000,0x00000000c4b40000)
 PSPermGen       total 21248K, used 11356K [0x00000000bd000000, 0x00000000be4c0000, 0x00000000c2200000)
  object space 21248K, 53% used [0x00000000bd000000,0x00000000bdb172b8,0x00000000be4c0000)

Code Cache  [0x0000000002670000, 0x00000000028e0000, 0x0000000005670000)
 total_blobs=449 nmethods=18 adapters=383 free_code_cache=48615Kb largest_free_block=49770240

Dynamic libraries:
0x000007f64e3c0000 - 0x000007f64e3f3000 	C:\Program Files\Java\jdk1.7.0_02\bin\java.exe
0x000007fd07130000 - 0x000007fd072ee000 	C:\Windows\SYSTEM32\ntdll.dll
0x000007fd06910000 - 0x000007fd06a46000 	C:\Windows\system32\KERNEL32.DLL
0x000007fd05790000 - 0x000007fd05883000 	C:\Windows\system32\KERNELBASE.dll
0x000007fcff220000 - 0x000007fcff2bf000 	C:\Windows\system32\apphelp.dll
0x000007fcf2810000 - 0x000007fcf2c90000 	C:\Windows\AppPatch\AppPatch64\AcLayers.DLL
0x000007fd065c0000 - 0x000007fd06665000 	C:\Windows\system32\msvcrt.dll
0x000007fd05fc0000 - 0x000007fd0610c000 	C:\Windows\system32\USER32.dll
0x000007fd06670000 - 0x000007fd066c0000 	C:\Windows\system32\SHLWAPI.dll
0x000007fcff640000 - 0x000007fcff643000 	C:\Windows\SYSTEM32\sfc.dll
0x000007fcf97d0000 - 0x000007fcf984d000 	C:\Windows\SYSTEM32\WINSPOOL.DRV
0x000007fd06e60000 - 0x000007fd06fa0000 	C:\Windows\system32\GDI32.dll
0x000007fcff100000 - 0x000007fcff110000 	C:\Windows\SYSTEM32\sfc_os.DLL
0x000007fd061c0000 - 0x000007fd061f9000 	C:\Windows\system32\IMM32.DLL
0x000007fd06360000 - 0x000007fd06474000 	C:\Windows\system32\MSCTF.dll
0x000007fcfaf20000 - 0x000007fcfaf27000 	C:\PROGRA~3\Wincert\WIN64C~1.DLL
0x000007fcfb6b0000 - 0x000007fcfb8a5000 	C:\PROGRA~2\SEARCH~1\Datamngr\x64\datamngr.dll
0x000007fd04230000 - 0x000007fd04239000 	C:\Windows\SYSTEM32\VERSION.dll
0x000007fd05190000 - 0x000007fd051a1000 	C:\Windows\SYSTEM32\WTSAPI32.dll
0x000007fd06fa0000 - 0x000007fd0707e000 	C:\Windows\system32\ADVAPI32.dll
0x000007fd02290000 - 0x000007fd03575000 	C:\Windows\SYSTEM32\SHELL32.dll
0x000007fcfb540000 - 0x000007fcfb6a3000 	C:\Windows\SYSTEM32\dbghelp.dll
0x000007fd06e10000 - 0x000007fd06e58000 	C:\Windows\SYSTEM32\sechost.dll
0x000007fd06480000 - 0x000007fd065c0000 	C:\Windows\system32\RPCRT4.dll
0x000007fd05e10000 - 0x000007fd05fc0000 	C:\Windows\SYSTEM32\combase.dll
0x000007fcfb3a0000 - 0x000007fcfb51d000 	C:\PROGRA~2\SEARCH~1\Datamngr\x64\IEBHO.dll
0x000007fcfd440000 - 0x000007fcfd6a9000 	C:\Windows\WinSxS\amd64_microsoft.windows.common-controls_6595b64144ccf1df_6.0.9200.16384_none_418c2a697189c07f\COMCTL32.dll
0x0000000073160000 - 0x0000000073231000 	C:\Program Files\Java\jdk1.7.0_02\jre\bin\msvcr100.dll
0x0000000073240000 - 0x000000007391a000 	C:\Program Files\Java\jdk1.7.0_02\jre\bin\server\jvm.dll
0x000007fcfe390000 - 0x000007fcfe399000 	C:\Windows\SYSTEM32\WSOCK32.dll
0x000007fd01880000 - 0x000007fd018a0000 	C:\Windows\SYSTEM32\WINMM.dll
0x000007fd05bc0000 - 0x000007fd05bc7000 	C:\Windows\system32\PSAPI.DLL
0x000007fd05b60000 - 0x000007fd05bb8000 	C:\Windows\system32\WS2_32.dll
0x000007fd00f90000 - 0x000007fd00fc2000 	C:\Windows\SYSTEM32\WINMMBASE.dll
0x000007fd059d0000 - 0x000007fd059d9000 	C:\Windows\system32\NSI.dll
0x0000000073110000 - 0x000000007311f000 	C:\Program Files\Java\jdk1.7.0_02\jre\bin\verify.dll
0x00000000730e0000 - 0x0000000073108000 	C:\Program Files\Java\jdk1.7.0_02\jre\bin\java.dll
0x00000000730c0000 - 0x00000000730d5000 	C:\Program Files\Java\jdk1.7.0_02\jre\bin\zip.dll
0x0000000072ee0000 - 0x0000000073074000 	C:\Program Files\Java\jdk1.7.0_02\jre\bin\awt.dll
0x000007fd05900000 - 0x000007fd059c3000 	C:\Windows\system32\OLEAUT32.dll
0x000007fd04610000 - 0x000007fd046f3000 	C:\Windows\system32\uxtheme.dll
0x000007fd04090000 - 0x000007fd040b1000 	C:\Windows\SYSTEM32\dwmapi.dll
0x000007fd059e0000 - 0x000007fd05b5e000 	C:\Windows\system32\ole32.dll
0x000007fd03990000 - 0x000007fd0399a000 	C:\Windows\SYSTEM32\CRYPTBASE.dll
0x000007fd03930000 - 0x000007fd0398c000 	C:\Windows\SYSTEM32\bcryptPrimitives.dll
0x000007fcfeee0000 - 0x000007fcfef76000 	C:\Windows\SYSTEM32\shcore.dll
0x0000000072ea0000 - 0x0000000072ed4000 	C:\Program Files\Java\jdk1.7.0_02\jre\bin\fontmanager.dll
0x000007fcf4600000 - 0x000007fcf4800000 	C:\Windows\system32\d3d9.dll
0x000007fd01710000 - 0x000007fd01820000 	C:\Windows\SYSTEM32\aticfx64.dll
0x000007fcfcde0000 - 0x000007fcfcdff000 	C:\Windows\SYSTEM32\atiu9p64.dll
0x000007fcf20e0000 - 0x000007fcf2810000 	C:\Windows\SYSTEM32\atiumd64.dll
0x00000000729f0000 - 0x0000000072e0e000 	C:\Windows\SYSTEM32\atiumd6a.dll
0x000007fd06120000 - 0x000007fd061b6000 	C:\Windows\SYSTEM32\clbcatq.dll
0x000007fd02050000 - 0x000007fd021da000 	C:\Windows\SYSTEM32\WindowsCodecs.dll
0x000007fd05350000 - 0x000007fd05365000 	C:\Windows\SYSTEM32\profapi.dll
0x00000000730a0000 - 0x00000000730b9000 	C:\Program Files\Java\jdk1.7.0_02\jre\bin\net.dll
0x000007fd04fb0000 - 0x000007fd0500c000 	C:\Windows\system32\mswsock.dll
0x0000000073080000 - 0x0000000073091000 	C:\Program Files\Java\jdk1.7.0_02\jre\bin\nio.dll
0x0000000072e50000 - 0x0000000072e91000 	C:\Program Files\Java\jdk1.7.0_02\jre\bin\t2k.dll
0x0000000072e10000 - 0x0000000072e3a000 	C:\Program Files\Java\jdk1.7.0_02\jre\bin\dcpr.dll

VM Arguments:
jvm_args: -Dfile.encoding=UTF-8 
java_command: library.searchBox
Launcher Type: SUN_STANDARD

Environment Variables:
PATH=C:\Windows\system32;C:\Windows;C:\Windows\System32\Wbem;C:\Windows\System32\WindowsPowerShell\v1.0\
USERNAME=Zubair
OS=Windows_NT
PROCESSOR_IDENTIFIER=Intel64 Family 6 Model 37 Stepping 5, GenuineIntel



---------------  S Y S T E M  ---------------

OS: Windows NT 6.2 Build 9200 

CPU:total 4 (2 cores per cpu, 2 threads per core) family 6 model 37 stepping 5, cmov, cx8, fxsr, mmx, sse, sse2, sse3, ssse3, sse4.1, sse4.2, popcnt, ht

Memory: 4k page, physical 4053684k(1476916k free), swap 6937268k(3059432k free)

vm_info: Java HotSpot(TM) 64-Bit Server VM (22.0-b10) for windows-amd64 JRE (1.7.0_02-b13), built on Nov 17 2011 13:51:15 by "java_re" with unknown MS VC++:1600

time: Wed Jan 02 00:32:09 2013
elapsed time: 2 seconds

