#
# A fatal error has been detected by the Java Runtime Environment:
#
#  EXCEPTION_ACCESS_VIOLATION (0xc0000005) at pc=0x000007fd07134c61, pid=7104, tid=3712
#
# JRE version: 7.0_02-b13
# Java VM: Java HotSpot(TM) 64-Bit Server VM (22.0-b10 mixed mode windows-amd64 compressed oops)
# Problematic frame:
# C  [ntdll.dll+0x4c61]
#
# Failed to write core dump. Minidumps are not enabled by default on client versions of Windows
#
# If you would like to submit a bug report, please visit:
#   http://bugreport.sun.com/bugreport/crash.jsp
#

---------------  T H R E A D  ---------------

Current thread (0x00000000070f5800):  JavaThread "AWT-EventQueue-0" [_thread_in_Java, id=3712, stack(0x0000000007e50000,0x0000000007f50000)]

siginfo: ExceptionCode=0xc0000005, reading address 0xffffffffffffffff

Registers:
RAX=0x0000000007f42001, RBX=0x0000000000000000, RCX=0x0000000007f4b1c8, RDX=0x0000000007f4b130
RSP=0x0000000007f4b068, RBP=0x000007fcf2978550, RSI=0x0000000000000023, RDI=0x0000000000000003
R8 =0x000007f64d584000, R9 =0x0000000007f4b070, R10=0x0000000000000000, R11=0x0000000007f4b7c0
R12=0x0000000000000050, R13=0x0000000000000000, R14=0x000007fcf2978550, R15=0x0000000000000000
RIP=0x000007fd07134c61, EFLAGS=0x0000000000010202

Top of Stack: (sp=0x0000000007f4b068)
0x0000000007f4b068:   0000000000000202 000007fd071943c1
0x0000000007f4b078:   0000000000000510 0000000000000006
0x0000000007f4b088:   00000000731d8c47 0000000000000510
0x0000000007f4b098:   0000000000000006 0000000007f4b1f0
0x0000000007f4b0a8:   00000000070f5800 0000000000000510
0x0000000007f4b0b8:   00000000733fcad2 000000000ae61310
0x0000000007f4b0c8:   0000000000000006 0000000000000000
0x0000000007f4b0d8:   0000000007f42000 000000000ae72d30
0x0000000007f4b0e8:   0000000000000003 000000000ae61310
0x0000000007f4b0f8:   00000000bd6dd860 0000000000000051
0x0000000007f4b108:   000000000ae73068 0000000007f4b301
0x0000000007f4b118:   0000000000000000 0000000007f4b300
0x0000000007f4b128:   0000000000000023 0000000007f50000
0x0000000007f4b138:   000000000ae6ecf0 0000000000000001
0x0000000007f4b148:   000000000ae6f790 0000000007f4b960
0x0000000007f4b158:   000000000265743a 000007fcf2978550 

Instructions: (pc=0x000007fd07134c61)
0x000007fd07134c41:   cc cc cc cc cc 66 66 0f 1f 84 00 00 00 00 00 9c
0x000007fd07134c51:   d9 b9 00 01 00 00 c7 81 02 01 00 00 00 00 00 00
0x000007fd07134c61:   0f 29 b1 00 02 00 00 0f 29 b9 10 02 00 00 44 0f
0x000007fd07134c71:   29 81 20 02 00 00 44 0f 29 89 30 02 00 00 44 0f 


Register to memory mapping:

RAX=0x0000000007f42001 is pointing into the stack for thread: 0x00000000070f5800
RBX=0x0000000000000000 is an unknown value
RCX=0x0000000007f4b1c8 is pointing into the stack for thread: 0x00000000070f5800
RDX=0x0000000007f4b130 is pointing into the stack for thread: 0x00000000070f5800
RSP=0x0000000007f4b068 is pointing into the stack for thread: 0x00000000070f5800
RBP=0x000007fcf2978550 is an unknown value
RSI=0x0000000000000023 is an unknown value
RDI=0x0000000000000003 is an unknown value
R8 =0x000007f64d584000 is an unknown value
R9 =0x0000000007f4b070 is pointing into the stack for thread: 0x00000000070f5800
R10=0x0000000000000000 is an unknown value
R11=0x0000000007f4b7c0 is pointing into the stack for thread: 0x00000000070f5800
R12=0x0000000000000050 is an unknown value
R13=0x0000000000000000 is an unknown value
R14=0x000007fcf2978550 is an unknown value
R15=0x0000000000000000 is an unknown value


Stack: [0x0000000007e50000,0x0000000007f50000],  sp=0x0000000007f4b068,  free space=1004k
Native frames: (J=compiled Java code, j=interpreted, Vv=VM code, C=native code)
C  [ntdll.dll+0x4c61]  KiRaiseUserExceptionDispatcher+0x82

Java frames: (J=compiled Java code, j=interpreted, Vv=VM code)
v  blob 0x00000000026574ff
j  java.lang.String.equals(Ljava/lang/Object;)Z+8
j  javax.swing.ArrayTable.get(Ljava/lang/Object;)Ljava/lang/Object;+44
j  javax.swing.ActionMap.get(Ljava/lang/Object;)Ljavax/swing/Action;+16
j  javax.swing.ActionMap.get(Ljava/lang/Object;)Ljavax/swing/Action;+38
j  javax.swing.text.JTextComponent$KeymapActionMap.get(Ljava/lang/Object;)Ljavax/swing/Action;+2
j  javax.swing.ActionMap.get(Ljava/lang/Object;)Ljavax/swing/Action;+38
j  javax.swing.JComponent.processKeyBinding(Ljavax/swing/KeyStroke;Ljava/awt/event/KeyEvent;IZ)Z+53
j  javax.swing.JComponent.processKeyBindings(Ljava/awt/event/KeyEvent;Z)Z+111
j  javax.swing.JComponent.processKeyEvent(Ljava/awt/event/KeyEvent;)V+51
j  java.awt.Component.processEvent(Ljava/awt/AWTEvent;)V+121
j  java.awt.Container.processEvent(Ljava/awt/AWTEvent;)V+18
j  java.awt.Component.dispatchEventImpl(Ljava/awt/AWTEvent;)V+581
j  java.awt.Container.dispatchEventImpl(Ljava/awt/AWTEvent;)V+42
j  java.awt.Component.dispatchEvent(Ljava/awt/AWTEvent;)V+2
j  java.awt.KeyboardFocusManager.redispatchEvent(Ljava/awt/Component;Ljava/awt/AWTEvent;)V+7
j  java.awt.DefaultKeyboardFocusManager.dispatchKeyEvent(Ljava/awt/event/KeyEvent;)Z+63
j  java.awt.DefaultKeyboardFocusManager.preDispatchKeyEvent(Ljava/awt/event/KeyEvent;)Z+140
j  java.awt.DefaultKeyboardFocusManager.typeAheadAssertions(Ljava/awt/Component;Ljava/awt/AWTEvent;)Z+154
j  java.awt.DefaultKeyboardFocusManager.dispatchEvent(Ljava/awt/AWTEvent;)Z+1548
j  java.awt.Component.dispatchEventImpl(Ljava/awt/AWTEvent;)V+144
j  java.awt.Container.dispatchEventImpl(Ljava/awt/AWTEvent;)V+42
j  java.awt.Window.dispatchEventImpl(Ljava/awt/AWTEvent;)V+19
j  java.awt.Component.dispatchEvent(Ljava/awt/AWTEvent;)V+2
j  java.awt.EventQueue.dispatchEventImpl(Ljava/awt/AWTEvent;Ljava/lang/Object;)V+41
j  java.awt.EventQueue.access$000(Ljava/awt/EventQueue;Ljava/awt/AWTEvent;Ljava/lang/Object;)V+3
j  java.awt.EventQueue$3.run()Ljava/lang/Void;+12
j  java.awt.EventQueue$3.run()Ljava/lang/Object;+1
v  ~StubRoutines::call_stub
j  java.security.AccessController.doPrivileged(Ljava/security/PrivilegedAction;Ljava/security/AccessControlContext;)Ljava/lang/Object;+0
j  java.security.ProtectionDomain$1.doIntersectionPrivilege(Ljava/security/PrivilegedAction;Ljava/security/AccessControlContext;Ljava/security/AccessControlContext;)Ljava/lang/Object;+28
j  java.security.ProtectionDomain$1.doIntersectionPrivilege(Ljava/security/PrivilegedAction;Ljava/security/AccessControlContext;)Ljava/lang/Object;+6
j  java.awt.EventQueue$4.run()Ljava/lang/Void;+11
j  java.awt.EventQueue$4.run()Ljava/lang/Object;+1
v  ~StubRoutines::call_stub
j  java.security.AccessController.doPrivileged(Ljava/security/PrivilegedAction;Ljava/security/AccessControlContext;)Ljava/lang/Object;+0
j  java.security.ProtectionDomain$1.doIntersectionPrivilege(Ljava/security/PrivilegedAction;Ljava/security/AccessControlContext;Ljava/security/AccessControlContext;)Ljava/lang/Object;+28
j  java.awt.EventQueue.dispatchEvent(Ljava/awt/AWTEvent;)V+73
j  java.awt.EventDispatchThread.pumpOneEventForFilters(I)Z+245
j  java.awt.EventDispatchThread.pumpEventsForFilter(ILjava/awt/Conditional;Ljava/awt/EventFilter;)V+35
j  java.awt.EventDispatchThread.pumpEventsForFilter(Ljava/awt/Conditional;Ljava/awt/EventFilter;)V+4
j  java.awt.WaitDispatchSupport$2.run()V+59
j  java.awt.WaitDispatchSupport$4.run()Ljava/lang/Object;+4
v  ~StubRoutines::call_stub
j  java.security.AccessController.doPrivileged(Ljava/security/PrivilegedAction;)Ljava/lang/Object;+0
j  java.awt.WaitDispatchSupport.enter()Z+231
j  java.awt.Dialog.show()V+208
j  java.awt.Component.show(Z)V+5
j  java.awt.Component.setVisible(Z)V+2
j  java.awt.Window.setVisible(Z)V+2
j  java.awt.Dialog.setVisible(Z)V+2
j  library.searchBox$5.run()V+30
j  java.awt.event.InvocationEvent.dispatch()V+47
j  java.awt.EventQueue.dispatchEventImpl(Ljava/awt/AWTEvent;Ljava/lang/Object;)V+21
j  java.awt.EventQueue.access$000(Ljava/awt/EventQueue;Ljava/awt/AWTEvent;Ljava/lang/Object;)V+3
j  java.awt.EventQueue$3.run()Ljava/lang/Void;+12
j  java.awt.EventQueue$3.run()Ljava/lang/Object;+1
v  ~StubRoutines::call_stub
j  java.security.AccessController.doPrivileged(Ljava/security/PrivilegedAction;Ljava/security/AccessControlContext;)Ljava/lang/Object;+0
j  java.security.ProtectionDomain$1.doIntersectionPrivilege(Ljava/security/PrivilegedAction;Ljava/security/AccessControlContext;Ljava/security/AccessControlContext;)Ljava/lang/Object;+28
j  java.awt.EventQueue.dispatchEvent(Ljava/awt/AWTEvent;)V+46
j  java.awt.EventDispatchThread.pumpOneEventForFilters(I)Z+245
j  java.awt.EventDispatchThread.pumpEventsForFilter(ILjava/awt/Conditional;Ljava/awt/EventFilter;)V+35
j  java.awt.EventDispatchThread.pumpEventsForHierarchy(ILjava/awt/Conditional;Ljava/awt/Component;)V+11
j  java.awt.EventDispatchThread.pumpEvents(ILjava/awt/Conditional;)V+4
j  java.awt.EventDispatchThread.pumpEvents(Ljava/awt/Conditional;)V+3
j  java.awt.EventDispatchThread.run()V+9
v  ~StubRoutines::call_stub

---------------  P R O C E S S  ---------------

Java Threads: ( => current thread )
  0x000000000ae58800 JavaThread "TimerQueue" daemon [_thread_blocked, id=7904, stack(0x000000000d410000,0x000000000d510000)]
  0x000000000ae3d800 JavaThread "D3D Screen Updater" daemon [_thread_blocked, id=6748, stack(0x000000000c030000,0x000000000c130000)]
  0x00000000070bc800 JavaThread "DestroyJavaVM" [_thread_blocked, id=6824, stack(0x0000000002380000,0x0000000002480000)]
=>0x00000000070f5800 JavaThread "AWT-EventQueue-0" [_thread_in_Java, id=3712, stack(0x0000000007e50000,0x0000000007f50000)]
  0x0000000006f5e800 JavaThread "AWT-Windows" daemon [_thread_in_native, id=7132, stack(0x0000000007780000,0x0000000007880000)]
  0x0000000006f53800 JavaThread "AWT-Shutdown" [_thread_blocked, id=8128, stack(0x0000000007680000,0x0000000007780000)]
  0x0000000006dae800 JavaThread "Java2D Disposer" daemon [_thread_blocked, id=7908, stack(0x0000000007580000,0x0000000007680000)]
  0x0000000005db7000 JavaThread "Service Thread" daemon [_thread_blocked, id=7164, stack(0x0000000006b90000,0x0000000006c90000)]
  0x0000000005db2800 JavaThread "C2 CompilerThread1" daemon [_thread_blocked, id=6988, stack(0x0000000006a90000,0x0000000006b90000)]
  0x0000000005dab800 JavaThread "C2 CompilerThread0" daemon [_thread_blocked, id=6284, stack(0x0000000006890000,0x0000000006990000)]
  0x0000000005da6800 JavaThread "Attach Listener" daemon [_thread_blocked, id=6972, stack(0x0000000006790000,0x0000000006890000)]
  0x0000000005da1800 JavaThread "Signal Dispatcher" daemon [_thread_blocked, id=6936, stack(0x0000000006690000,0x0000000006790000)]
  0x0000000005cd3800 JavaThread "Finalizer" daemon [_thread_blocked, id=6928, stack(0x0000000006590000,0x0000000006690000)]
  0x0000000005cca000 JavaThread "Reference Handler" daemon [_thread_blocked, id=6924, stack(0x0000000006490000,0x0000000006590000)]

Other Threads:
  0x0000000005caf000 VMThread [stack: 0x0000000006390000,0x0000000006490000] [id=6920]
  0x0000000005dca800 WatcherThread [stack: 0x0000000006c90000,0x0000000006d90000] [id=6952]

VM state:not at safepoint (normal execution)

VM Mutex/Monitor currently owned by a thread: None

Heap
 PSYoungGen      total 18496K, used 4469K [0x00000000eb600000, 0x00000000ecaa0000, 0x0000000100000000)
  eden space 15872K, 28% used [0x00000000eb600000,0x00000000eba5d6f0,0x00000000ec580000)
  from space 2624K, 0% used [0x00000000ec810000,0x00000000ec810000,0x00000000ecaa0000)
  to   space 2624K, 0% used [0x00000000ec580000,0x00000000ec580000,0x00000000ec810000)
 PSOldGen        total 42240K, used 0K [0x00000000c2200000, 0x00000000c4b40000, 0x00000000eb600000)
  object space 42240K, 0% used [0x00000000c2200000,0x00000000c2200000,0x00000000c4b40000)
 PSPermGen       total 21248K, used 11360K [0x00000000bd000000, 0x00000000be4c0000, 0x00000000c2200000)
  object space 21248K, 53% used [0x00000000bd000000,0x00000000bdb181c8,0x00000000be4c0000)

Code Cache  [0x0000000002620000, 0x0000000002890000, 0x0000000005620000)
 total_blobs=449 nmethods=18 adapters=383 free_code_cache=48615Kb largest_free_block=49770304

Dynamic libraries:
0x000007f64e3c0000 - 0x000007f64e3f3000 	C:\Program Files\Java\jdk1.7.0_02\bin\java.exe
0x000007fd07130000 - 0x000007fd072ee000 	C:\Windows\SYSTEM32\ntdll.dll
0x000007fd06910000 - 0x000007fd06a46000 	C:\Windows\system32\KERNEL32.DLL
0x000007fd05790000 - 0x000007fd05883000 	C:\Windows\system32\KERNELBASE.dll
0x000007fcff220000 - 0x000007fcff2bf000 	C:\Windows\system32\apphelp.dll
0x000007fcf2810000 - 0x000007fcf2c90000 	C:\Windows\AppPatch\AppPatch64\AcLayers.DLL
0x000007fd065c0000 - 0x000007fd06665000 	C:\Windows\system32\msvcrt.dll
0x000007fd05fc0000 - 0x000007fd0610c000 	C:\Windows\system32\USER32.dll
0x000007fd06670000 - 0x000007fd066c0000 	C:\Windows\system32\SHLWAPI.dll
0x000007fcff670000 - 0x000007fcff673000 	C:\Windows\SYSTEM32\sfc.dll
0x000007fcf97d0000 - 0x000007fcf984d000 	C:\Windows\SYSTEM32\WINSPOOL.DRV
0x000007fd06e60000 - 0x000007fd06fa0000 	C:\Windows\system32\GDI32.dll
0x000007fcff100000 - 0x000007fcff110000 	C:\Windows\SYSTEM32\sfc_os.DLL
0x000007fd061c0000 - 0x000007fd061f9000 	C:\Windows\system32\IMM32.DLL
0x000007fd06360000 - 0x000007fd06474000 	C:\Windows\system32\MSCTF.dll
0x000007fcfaf20000 - 0x000007fcfaf27000 	C:\PROGRA~3\Wincert\WIN64C~1.DLL
0x000007fcfb6b0000 - 0x000007fcfb8a5000 	C:\PROGRA~2\SEARCH~1\Datamngr\x64\datamngr.dll
0x000007fd04230000 - 0x000007fd04239000 	C:\Windows\SYSTEM32\VERSION.dll
0x000007fd05190000 - 0x000007fd051a1000 	C:\Windows\SYSTEM32\WTSAPI32.dll
0x000007fd06fa0000 - 0x000007fd0707e000 	C:\Windows\system32\ADVAPI32.dll
0x000007fd02290000 - 0x000007fd03575000 	C:\Windows\SYSTEM32\SHELL32.dll
0x000007fcfb540000 - 0x000007fcfb6a3000 	C:\Windows\SYSTEM32\dbghelp.dll
0x000007fd06e10000 - 0x000007fd06e58000 	C:\Windows\SYSTEM32\sechost.dll
0x000007fd06480000 - 0x000007fd065c0000 	C:\Windows\system32\RPCRT4.dll
0x000007fd05e10000 - 0x000007fd05fc0000 	C:\Windows\SYSTEM32\combase.dll
0x000007fcfb3a0000 - 0x000007fcfb51d000 	C:\PROGRA~2\SEARCH~1\Datamngr\x64\IEBHO.dll
0x000007fcfd440000 - 0x000007fcfd6a9000 	C:\Windows\WinSxS\amd64_microsoft.windows.common-controls_6595b64144ccf1df_6.0.9200.16384_none_418c2a697189c07f\COMCTL32.dll
0x0000000073170000 - 0x0000000073241000 	C:\Program Files\Java\jdk1.7.0_02\jre\bin\msvcr100.dll
0x0000000073250000 - 0x000000007392a000 	C:\Program Files\Java\jdk1.7.0_02\jre\bin\server\jvm.dll
0x000007fd043f0000 - 0x000007fd043f9000 	C:\Windows\SYSTEM32\WSOCK32.dll
0x000007fd01880000 - 0x000007fd018a0000 	C:\Windows\SYSTEM32\WINMM.dll
0x000007fd05bc0000 - 0x000007fd05bc7000 	C:\Windows\system32\PSAPI.DLL
0x000007fd05b60000 - 0x000007fd05bb8000 	C:\Windows\system32\WS2_32.dll
0x000007fd00f90000 - 0x000007fd00fc2000 	C:\Windows\SYSTEM32\WINMMBASE.dll
0x000007fd059d0000 - 0x000007fd059d9000 	C:\Windows\system32\NSI.dll
0x0000000073ab0000 - 0x0000000073abf000 	C:\Program Files\Java\jdk1.7.0_02\jre\bin\verify.dll
0x0000000073100000 - 0x0000000073128000 	C:\Program Files\Java\jdk1.7.0_02\jre\bin\java.dll
0x00000000730e0000 - 0x00000000730f5000 	C:\Program Files\Java\jdk1.7.0_02\jre\bin\zip.dll
0x0000000072f00000 - 0x0000000073094000 	C:\Program Files\Java\jdk1.7.0_02\jre\bin\awt.dll
0x000007fd05900000 - 0x000007fd059c3000 	C:\Windows\system32\OLEAUT32.dll
0x000007fd04610000 - 0x000007fd046f3000 	C:\Windows\system32\uxtheme.dll
0x000007fd04090000 - 0x000007fd040b1000 	C:\Windows\SYSTEM32\dwmapi.dll
0x000007fd059e0000 - 0x000007fd05b5e000 	C:\Windows\system32\ole32.dll
0x000007fd03990000 - 0x000007fd0399a000 	C:\Windows\SYSTEM32\CRYPTBASE.dll
0x000007fd03930000 - 0x000007fd0398c000 	C:\Windows\SYSTEM32\bcryptPrimitives.dll
0x000007fcfeee0000 - 0x000007fcfef76000 	C:\Windows\SYSTEM32\shcore.dll
0x0000000072ec0000 - 0x0000000072ef4000 	C:\Program Files\Java\jdk1.7.0_02\jre\bin\fontmanager.dll
0x000007fcf4600000 - 0x000007fcf4800000 	C:\Windows\system32\d3d9.dll
0x000007fd01710000 - 0x000007fd01820000 	C:\Windows\SYSTEM32\aticfx64.dll
0x000007fcfdad0000 - 0x000007fcfdaef000 	C:\Windows\SYSTEM32\atiu9p64.dll
0x000007fcf20e0000 - 0x000007fcf2810000 	C:\Windows\SYSTEM32\atiumd64.dll
0x0000000072a00000 - 0x0000000072e1e000 	C:\Windows\SYSTEM32\atiumd6a.dll
0x000007fd06120000 - 0x000007fd061b6000 	C:\Windows\SYSTEM32\clbcatq.dll
0x000007fd02050000 - 0x000007fd021da000 	C:\Windows\SYSTEM32\WindowsCodecs.dll
0x000007fd05350000 - 0x000007fd05365000 	C:\Windows\SYSTEM32\profapi.dll
0x00000000730c0000 - 0x00000000730d9000 	C:\Program Files\Java\jdk1.7.0_02\jre\bin\net.dll
0x000007fd04fb0000 - 0x000007fd0500c000 	C:\Windows\system32\mswsock.dll
0x00000000730a0000 - 0x00000000730b1000 	C:\Program Files\Java\jdk1.7.0_02\jre\bin\nio.dll
0x0000000072e70000 - 0x0000000072eb1000 	C:\Program Files\Java\jdk1.7.0_02\jre\bin\t2k.dll
0x0000000072e30000 - 0x0000000072e5a000 	C:\Program Files\Java\jdk1.7.0_02\jre\bin\dcpr.dll

VM Arguments:
jvm_args: -Dfile.encoding=UTF-8 
java_command: library.searchBox
Launcher Type: SUN_STANDARD

Environment Variables:
PATH=C:\Windows\system32;C:\Windows;C:\Windows\System32\Wbem;C:\Windows\System32\WindowsPowerShell\v1.0\
USERNAME=Zubair
OS=Windows_NT
PROCESSOR_IDENTIFIER=Intel64 Family 6 Model 37 Stepping 5, GenuineIntel



---------------  S Y S T E M  ---------------

OS: Windows NT 6.2 Build 9200 

CPU:total 4 (2 cores per cpu, 2 threads per core) family 6 model 37 stepping 5, cmov, cx8, fxsr, mmx, sse, sse2, sse3, ssse3, sse4.1, sse4.2, popcnt, ht

Memory: 4k page, physical 4053684k(1927976k free), swap 6937268k(3523024k free)

vm_info: Java HotSpot(TM) 64-Bit Server VM (22.0-b10) for windows-amd64 JRE (1.7.0_02-b13), built on Nov 17 2011 13:51:15 by "java_re" with unknown MS VC++:1600

time: Wed Jan 02 00:34:55 2013
elapsed time: 3 seconds

